<?xml version="1.0" encoding="UTF-8"?>
<!-- Generated by org.testng.reporters.JUnitXMLReporter -->
<testsuite ignored="0" hostname="DELL" failures="0" tests="5" name="ChromeTest" time="22.31" errors="0" timestamp="2025-09-08T12:44:33 IST">
  <testcase classname="Login_Testcases.TC_Login" name="login" time="2.699"/>
  <testcase classname="Login_Testcases.Login_OTPNegativeTC" name="verifyInvalidOtpScenarios" time="1.86"/>
  <testcase classname="Login_Testcases.Login_OTPNegativeTC" name="verifyInvalidOtpScenarios" time="3.317"/>
  <testcase classname="Login_Testcases.Login_NumberNegativeTC" name="negativeScenarios_withInvalidNumbers" time="0.838"/>
  <testcase classname="Login_Testcases.Login_NumberNegativeTC" name="negativeScenarios_withInvalidNumbers" time="0.805"/>
</testsuite> <!-- ChromeTest -->
