<?xml version="1.0" encoding="UTF-8"?>
<!-- Generated by org.testng.reporters.JUnitXMLReporter -->
<testsuite ignored="0" hostname="DELL" failures="0" tests="8" name="ChromeTest" time="66.92" errors="0" timestamp="2025-10-13T13:38:58 IST">
  <testcase classname="Bus_Testcases.TC_Bus_Filters" name="Timing_filter_1" time="9.931"/>
  <testcase classname="Bus_Testcases.TC_BusSearch" name="search" time="25.604"/>
  <testcase classname="Bus_Testcases.TC_Bus_Filters" name="Bus_type1" time="2.729"/>
  <testcase classname="Bus_Testcases.TC_Bus_Filters" name="Bus_type2" time="2.662"/>
  <testcase classname="Bus_Testcases.TC_Bus_Filters" name="Bus_type3" time="2.774"/>
  <testcase classname="Bus_Testcases.TC_Bus_Filters" name="Boardingpoint" time="5.158"/>
  <testcase classname="Bus_Testcases.TC_Bus_Filters" name="Droppingpoint" time="0.549"/>
  <testcase classname="Bus_Testcases.TC_Bus_Filters" name="combinationFilters" time="6.962"/>
</testsuite> <!-- ChromeTest -->
