<?xml version="1.0" encoding="UTF-8"?>
<!-- Generated by org.testng.reporters.JUnitXMLReporter -->
<testsuite ignored="0" hostname="LAPTOP-4JBIMMD8" failures="1" tests="1" name="ChromeTest" time="23.129" errors="0" timestamp="2026-03-10T15:36:24 IST">
  <testcase classname="Bus_Testcases.TC_Booking" name="book" time="8.084">
    <failure type="org.openqa.selenium.ElementClickInterceptedException" message="element click intercepted: Element &amp;lt;input placeholder=&amp;quot;Search for an Origin...&amp;quot; class=&amp;quot;text-sm w-full rounded py-2 px-2 outline-none &amp;quot; readonly=&amp;quot;&amp;quot; type=&amp;quot;text&amp;quot; value=&amp;quot;&amp;quot;&amp;gt; is not clickable at point (378, 325). Other element would receive the click: &amp;lt;div class=&amp;quot;flex p-4 md:flex-row&amp;quot;&amp;gt;...&amp;lt;/div&amp;gt;
  (Session info: chrome=145.0.7632.160)
Build info: version: &amp;apos;4.35.0&amp;apos;, revision: &amp;apos;1c58e5028b&amp;apos;
System info: os.name: &amp;apos;Windows 11&amp;apos;, os.arch: &amp;apos;amd64&amp;apos;, os.version: &amp;apos;10.0&amp;apos;, java.version: &amp;apos;17.0.12&amp;apos;
Driver info: org.openqa.selenium.chrome.ChromeDriver
Command: [1c3a171b99bac8ff05c75b109087471e, clickElement {id=f.72AAC86DCDE1CAAD83BE45F5DB8E26FB.d.2FB7477989967A8CFBE0A58A53F57C1F.e.3}]
Capabilities {acceptInsecureCerts: false, browserName: chrome, browserVersion: 145.0.7632.160, chrome: {chromedriverVersion: 145.0.7632.76 (ee36f024f43a..., userDataDir: C:\Users\calve\AppData\Loca...}, fedcm:accounts: true, goog:chromeOptions: {debuggerAddress: localhost:50352}, goog:processID: 25404, networkConnectionEnabled: false, pageLoadStrategy: normal, platformName: windows, proxy: Proxy(), se:cdp: ws://localhost:50352/devtoo..., se:cdpVersion: 145.0.7632.160, setWindowRect: true, strictFileInteractability: false, timeouts: {implicit: 0, pageLoad: 300000, script: 30000}, unhandledPromptBehavior: dismiss and notify, webauthn:extension:credBlob: true, webauthn:extension:largeBlob: true, webauthn:extension:minPinLength: true, webauthn:extension:prf: true, webauthn:virtualAuthenticators: true}
Element: [[ChromeDriver: chrome on windows (1c3a171b99bac8ff05c75b109087471e)] -&amp;gt; xpath: //input[@placeholder=&amp;apos;Search for an Origin...&amp;apos;]]
Session ID: 1c3a171b99bac8ff05c75b109087471e">
      <![CDATA[org.openqa.selenium.ElementClickInterceptedException: element click intercepted: Element <input placeholder="Search for an Origin..." class="text-sm w-full rounded py-2 px-2 outline-none " readonly="" type="text" value=""> is not clickable at point (378, 325). Other element would receive the click: <div class="flex p-4 md:flex-row">...</div>
  (Session info: chrome=145.0.7632.160)
Build info: version: '4.35.0', revision: '1c58e5028b'
System info: os.name: 'Windows 11', os.arch: 'amd64', os.version: '10.0', java.version: '17.0.12'
Driver info: org.openqa.selenium.chrome.ChromeDriver
Command: [1c3a171b99bac8ff05c75b109087471e, clickElement {id=f.72AAC86DCDE1CAAD83BE45F5DB8E26FB.d.2FB7477989967A8CFBE0A58A53F57C1F.e.3}]
Capabilities {acceptInsecureCerts: false, browserName: chrome, browserVersion: 145.0.7632.160, chrome: {chromedriverVersion: 145.0.7632.76 (ee36f024f43a..., userDataDir: C:\Users\calve\AppData\Loca...}, fedcm:accounts: true, goog:chromeOptions: {debuggerAddress: localhost:50352}, goog:processID: 25404, networkConnectionEnabled: false, pageLoadStrategy: normal, platformName: windows, proxy: Proxy(), se:cdp: ws://localhost:50352/devtoo..., se:cdpVersion: 145.0.7632.160, setWindowRect: true, strictFileInteractability: false, timeouts: {implicit: 0, pageLoad: 300000, script: 30000}, unhandledPromptBehavior: dismiss and notify, webauthn:extension:credBlob: true, webauthn:extension:largeBlob: true, webauthn:extension:minPinLength: true, webauthn:extension:prf: true, webauthn:virtualAuthenticators: true}
Element: [[ChromeDriver: chrome on windows (1c3a171b99bac8ff05c75b109087471e)] -> xpath: //input[@placeholder='Search for an Origin...']]
Session ID: 1c3a171b99bac8ff05c75b109087471e
at org.openqa.selenium.remote.ErrorCodec.decode(ErrorCodec.java:167)
at org.openqa.selenium.remote.codec.w3c.W3CHttpResponseCodec.decode(W3CHttpResponseCodec.java:138)
at org.openqa.selenium.remote.codec.w3c.W3CHttpResponseCodec.decode(W3CHttpResponseCodec.java:50)
at org.openqa.selenium.remote.HttpCommandExecutor.execute(HttpCommandExecutor.java:215)
at org.openqa.selenium.remote.service.DriverCommandExecutor.invokeExecute(DriverCommandExecutor.java:216)
at org.openqa.selenium.remote.service.DriverCommandExecutor.execute(DriverCommandExecutor.java:174)
at org.openqa.selenium.remote.RemoteWebDriver.execute(RemoteWebDriver.java:557)
at org.openqa.selenium.remote.RemoteWebElement.execute(RemoteWebElement.java:223)
at org.openqa.selenium.remote.RemoteWebElement.click(RemoteWebElement.java:76)
at org.openqa.selenium.support.pagefactory.internal.LocatingElementHandler.invoke(LocatingElementHandler.java:51)
at jdk.proxy2/jdk.proxy2.$Proxy14.click(Unknown Source)
at Bus_Pageobjects.Bus_Search.SearchForAnOrigin(Bus_Search.java:51)
at Bus_Testcases.TC_Booking.book(TC_Booking.java:27)
at java.base/java.util.ArrayList.forEach(ArrayList.java:1511)
at java.base/java.util.concurrent.FutureTask.run(FutureTask.java:264)
at java.base/java.util.concurrent.ThreadPoolExecutor.runWorker(ThreadPoolExecutor.java:1136)
at java.base/java.util.concurrent.ThreadPoolExecutor$Worker.run(ThreadPoolExecutor.java:635)
at java.base/java.lang.Thread.run(Thread.java:842)
... Removed 26 stack frames]]>
    </failure>
  </testcase> <!-- book -->
</testsuite> <!-- ChromeTest -->
