<?xml version="1.0" encoding="UTF-8"?>
<!-- Generated by org.testng.reporters.JUnitXMLReporter -->
<testsuite ignored="0" hostname="DELL" failures="0" tests="8" name="FireFoxTest" time="74.734" errors="0" timestamp="2025-10-13T13:39:06 IST">
  <testcase classname="Bus_Testcases.TC_Bus_Filters" name="Timing_filter_1" time="8.758"/>
  <testcase classname="Bus_Testcases.TC_BusSearch" name="search" time="18.661"/>
  <testcase classname="Bus_Testcases.TC_Bus_Filters" name="Bus_type1" time="2.577"/>
  <testcase classname="Bus_Testcases.TC_Bus_Filters" name="Bus_type2" time="4.555"/>
  <testcase classname="Bus_Testcases.TC_Bus_Filters" name="Bus_type3" time="3.702"/>
  <testcase classname="Bus_Testcases.TC_Bus_Filters" name="Boardingpoint" time="2.77"/>
  <testcase classname="Bus_Testcases.TC_Bus_Filters" name="Droppingpoint" time="0.403"/>
  <testcase classname="Bus_Testcases.TC_Bus_Filters" name="combinationFilters" time="5.897"/>
</testsuite> <!-- FireFoxTest -->
