<?xml version="1.0" encoding="UTF-8"?>
<!-- Generated by org.testng.reporters.JUnitXMLReporter -->
<testsuite ignored="0" hostname="LAPTOP-4JBIMMD8" failures="0" tests="5" name="Default test" time="55.077" errors="0" timestamp="2026-03-11T15:00:50 IST">
  <testcase classname="Bus_Testcases.TC_Booking" name="loginTest" time="1.521"/>
  <testcase classname="Bus_Testcases.TC_Booking" name="searchBusTest" time="1.759"/>
  <testcase classname="Bus_Testcases.TC_Booking" name="selectSeatTest" time="4.752"/>
  <testcase classname="Bus_Testcases.TC_Booking" name="passengerDetailsTest" time="2.788"/>
  <testcase classname="Bus_Testcases.TC_Booking" name="paymentTest" time="40.912"/>
</testsuite> <!-- Default test -->
