<?xml version="1.0" encoding="UTF-8"?>
<testng-results ignored="0" total="16" passed="16" failed="0" skipped="0">
  <reporter-output>
  </reporter-output>
  <suite started-at="2025-10-13T13:37:51 IST" name="Bussuite" finished-at="2025-10-13T13:39:06 IST" duration-ms="74734">
    <groups>
    </groups>
    <test started-at="2025-10-13T13:37:51 IST" name="ChromeTest" finished-at="2025-10-13T13:38:58 IST" duration-ms="66920">
      <class name="Bus_Testcases.TC_BusSearch">
        <test-method is-config="true" signature="setup(java.lang.String,java.lang.String)[pri:0, instance:Bus_Testcases.TC_BusSearch@445b295b]" started-at="2025-10-13T13:38:07 IST" name="setup" finished-at="2025-10-13T13:38:11 IST" duration-ms="4149" status="PASS">
          <params>
            <param index="0">
              <value>
                <![CDATA[windows]]>
              </value>
            </param>
            <param index="1">
              <value>
                <![CDATA[chrome]]>
              </value>
            </param>
          </params>
          <reporter-output>
          </reporter-output>
        </test-method> <!-- setup -->
        <test-method signature="search()[pri:0, instance:Bus_Testcases.TC_BusSearch@445b295b]" started-at="2025-10-13T13:38:11 IST" name="search" finished-at="2025-10-13T13:38:37 IST" duration-ms="25604" status="PASS">
          <reporter-output>
          </reporter-output>
        </test-method> <!-- search -->
        <test-method is-config="true" signature="teardown()[pri:0, instance:Bus_Testcases.TC_BusSearch@445b295b]" started-at="2025-10-13T13:38:37 IST" name="teardown" finished-at="2025-10-13T13:38:37 IST" duration-ms="289" status="PASS">
          <reporter-output>
          </reporter-output>
        </test-method> <!-- teardown -->
      </class> <!-- Bus_Testcases.TC_BusSearch -->
      <class name="Bus_Testcases.TC_Bus_Filters">
        <test-method is-config="true" signature="setup(java.lang.String,java.lang.String)[pri:0, instance:Bus_Testcases.TC_Bus_Filters@49e5f737]" started-at="2025-10-13T13:37:51 IST" name="setup" finished-at="2025-10-13T13:37:57 IST" duration-ms="5397" status="PASS">
          <params>
            <param index="0">
              <value>
                <![CDATA[windows]]>
              </value>
            </param>
            <param index="1">
              <value>
                <![CDATA[chrome]]>
              </value>
            </param>
          </params>
          <reporter-output>
          </reporter-output>
        </test-method> <!-- setup -->
        <test-method signature="Timing_filter_1()[pri:0, instance:Bus_Testcases.TC_Bus_Filters@49e5f737]" started-at="2025-10-13T13:37:57 IST" name="Timing_filter_1" finished-at="2025-10-13T13:38:07 IST" duration-ms="9931" status="PASS">
          <reporter-output>
          </reporter-output>
        </test-method> <!-- Timing_filter_1 -->
        <test-method signature="Bus_type1()[pri:1, instance:Bus_Testcases.TC_Bus_Filters@49e5f737]" started-at="2025-10-13T13:38:37 IST" name="Bus_type1" finished-at="2025-10-13T13:38:40 IST" duration-ms="2729" status="PASS">
          <reporter-output>
          </reporter-output>
        </test-method> <!-- Bus_type1 -->
        <test-method signature="Bus_type2()[pri:2, instance:Bus_Testcases.TC_Bus_Filters@49e5f737]" started-at="2025-10-13T13:38:40 IST" name="Bus_type2" finished-at="2025-10-13T13:38:42 IST" duration-ms="2662" status="PASS">
          <reporter-output>
          </reporter-output>
        </test-method> <!-- Bus_type2 -->
        <test-method signature="Bus_type3()[pri:3, instance:Bus_Testcases.TC_Bus_Filters@49e5f737]" started-at="2025-10-13T13:38:42 IST" name="Bus_type3" finished-at="2025-10-13T13:38:45 IST" duration-ms="2774" status="PASS">
          <reporter-output>
          </reporter-output>
        </test-method> <!-- Bus_type3 -->
        <test-method signature="Boardingpoint()[pri:4, instance:Bus_Testcases.TC_Bus_Filters@49e5f737]" started-at="2025-10-13T13:38:45 IST" name="Boardingpoint" finished-at="2025-10-13T13:38:50 IST" duration-ms="5158" status="PASS">
          <reporter-output>
          </reporter-output>
        </test-method> <!-- Boardingpoint -->
        <test-method signature="Droppingpoint()[pri:5, instance:Bus_Testcases.TC_Bus_Filters@49e5f737]" started-at="2025-10-13T13:38:50 IST" name="Droppingpoint" finished-at="2025-10-13T13:38:51 IST" duration-ms="549" status="PASS">
          <reporter-output>
          </reporter-output>
        </test-method> <!-- Droppingpoint -->
        <test-method signature="combinationFilters()[pri:6, instance:Bus_Testcases.TC_Bus_Filters@49e5f737]" started-at="2025-10-13T13:38:51 IST" name="combinationFilters" finished-at="2025-10-13T13:38:58 IST" duration-ms="6962" status="PASS">
          <reporter-output>
          </reporter-output>
        </test-method> <!-- combinationFilters -->
        <test-method is-config="true" signature="teardown()[pri:0, instance:Bus_Testcases.TC_Bus_Filters@49e5f737]" started-at="2025-10-13T13:38:58 IST" name="teardown" finished-at="2025-10-13T13:38:58 IST" duration-ms="601" status="PASS">
          <reporter-output>
          </reporter-output>
        </test-method> <!-- teardown -->
      </class> <!-- Bus_Testcases.TC_Bus_Filters -->
    </test> <!-- ChromeTest -->
    <test started-at="2025-10-13T13:37:51 IST" name="FireFoxTest" finished-at="2025-10-13T13:39:06 IST" duration-ms="74734">
      <class name="Bus_Testcases.TC_BusSearch">
        <test-method is-config="true" signature="setup(java.lang.String,java.lang.String)[pri:0, instance:Bus_Testcases.TC_BusSearch@1ff4931d]" started-at="2025-10-13T13:38:14 IST" name="setup" finished-at="2025-10-13T13:38:25 IST" duration-ms="10369" status="PASS">
          <params>
            <param index="0">
              <value>
                <![CDATA[windows]]>
              </value>
            </param>
            <param index="1">
              <value>
                <![CDATA[firefox]]>
              </value>
            </param>
          </params>
          <reporter-output>
          </reporter-output>
        </test-method> <!-- setup -->
        <test-method signature="search()[pri:0, instance:Bus_Testcases.TC_BusSearch@1ff4931d]" started-at="2025-10-13T13:38:25 IST" name="search" finished-at="2025-10-13T13:38:43 IST" duration-ms="18661" status="PASS">
          <reporter-output>
          </reporter-output>
        </test-method> <!-- search -->
        <test-method is-config="true" signature="teardown()[pri:0, instance:Bus_Testcases.TC_BusSearch@1ff4931d]" started-at="2025-10-13T13:38:43 IST" name="teardown" finished-at="2025-10-13T13:38:45 IST" duration-ms="1708" status="PASS">
          <reporter-output>
          </reporter-output>
        </test-method> <!-- teardown -->
      </class> <!-- Bus_Testcases.TC_BusSearch -->
      <class name="Bus_Testcases.TC_Bus_Filters">
        <test-method is-config="true" signature="setup(java.lang.String,java.lang.String)[pri:0, instance:Bus_Testcases.TC_Bus_Filters@8297b3a]" started-at="2025-10-13T13:37:51 IST" name="setup" finished-at="2025-10-13T13:38:05 IST" duration-ms="13916" status="PASS">
          <params>
            <param index="0">
              <value>
                <![CDATA[windows]]>
              </value>
            </param>
            <param index="1">
              <value>
                <![CDATA[firefox]]>
              </value>
            </param>
          </params>
          <reporter-output>
          </reporter-output>
        </test-method> <!-- setup -->
        <test-method signature="Timing_filter_1()[pri:0, instance:Bus_Testcases.TC_Bus_Filters@8297b3a]" started-at="2025-10-13T13:38:05 IST" name="Timing_filter_1" finished-at="2025-10-13T13:38:14 IST" duration-ms="8758" status="PASS">
          <reporter-output>
          </reporter-output>
        </test-method> <!-- Timing_filter_1 -->
        <test-method signature="Bus_type1()[pri:1, instance:Bus_Testcases.TC_Bus_Filters@8297b3a]" started-at="2025-10-13T13:38:45 IST" name="Bus_type1" finished-at="2025-10-13T13:38:47 IST" duration-ms="2577" status="PASS">
          <reporter-output>
          </reporter-output>
        </test-method> <!-- Bus_type1 -->
        <test-method signature="Bus_type2()[pri:2, instance:Bus_Testcases.TC_Bus_Filters@8297b3a]" started-at="2025-10-13T13:38:47 IST" name="Bus_type2" finished-at="2025-10-13T13:38:52 IST" duration-ms="4555" status="PASS">
          <reporter-output>
          </reporter-output>
        </test-method> <!-- Bus_type2 -->
        <test-method signature="Bus_type3()[pri:3, instance:Bus_Testcases.TC_Bus_Filters@8297b3a]" started-at="2025-10-13T13:38:52 IST" name="Bus_type3" finished-at="2025-10-13T13:38:56 IST" duration-ms="3702" status="PASS">
          <reporter-output>
          </reporter-output>
        </test-method> <!-- Bus_type3 -->
        <test-method signature="Boardingpoint()[pri:4, instance:Bus_Testcases.TC_Bus_Filters@8297b3a]" started-at="2025-10-13T13:38:56 IST" name="Boardingpoint" finished-at="2025-10-13T13:38:59 IST" duration-ms="2770" status="PASS">
          <reporter-output>
          </reporter-output>
        </test-method> <!-- Boardingpoint -->
        <test-method signature="Droppingpoint()[pri:5, instance:Bus_Testcases.TC_Bus_Filters@8297b3a]" started-at="2025-10-13T13:38:59 IST" name="Droppingpoint" finished-at="2025-10-13T13:38:59 IST" duration-ms="403" status="PASS">
          <reporter-output>
          </reporter-output>
        </test-method> <!-- Droppingpoint -->
        <test-method signature="combinationFilters()[pri:6, instance:Bus_Testcases.TC_Bus_Filters@8297b3a]" started-at="2025-10-13T13:38:59 IST" name="combinationFilters" finished-at="2025-10-13T13:39:05 IST" duration-ms="5897" status="PASS">
          <reporter-output>
          </reporter-output>
        </test-method> <!-- combinationFilters -->
        <test-method is-config="true" signature="teardown()[pri:0, instance:Bus_Testcases.TC_Bus_Filters@8297b3a]" started-at="2025-10-13T13:39:05 IST" name="teardown" finished-at="2025-10-13T13:39:06 IST" duration-ms="1352" status="PASS">
          <reporter-output>
          </reporter-output>
        </test-method> <!-- teardown -->
      </class> <!-- Bus_Testcases.TC_Bus_Filters -->
    </test> <!-- FireFoxTest -->
  </suite> <!-- Bussuite -->
</testng-results>
