<?xml version="1.0" encoding="UTF-8"?>
<testng-results ignored="0" total="26" passed="26" failed="0" skipped="0">
  <reporter-output>
  </reporter-output>
  <suite started-at="2026-03-11T13:07:38 IST" name="Default suite" finished-at="2026-03-11T13:09:01 IST" duration-ms="83007">
    <groups>
    </groups>
    <test started-at="2026-03-11T13:07:38 IST" name="Default test" finished-at="2026-03-11T13:09:01 IST" duration-ms="83007">
      <class name="Hotel_TestCases.TC_Hotel_End_to_End">
        <test-method is-config="true" signature="setup(java.lang.String,java.lang.String)[pri:0, instance:Hotel_TestCases.TC_Hotel_End_to_End@1d470d0]" started-at="2026-03-11T13:07:38 IST" name="setup" finished-at="2026-03-11T13:07:41 IST" duration-ms="2806" status="PASS">
          <params>
            <param index="0">
              <value>
                <![CDATA[windows]]>
              </value>
            </param>
            <param index="1">
              <value>
                <![CDATA[chrome]]>
              </value>
            </param>
          </params>
          <reporter-output>
          </reporter-output>
        </test-method> <!-- setup -->
        <test-method signature="login()[pri:0, instance:Hotel_TestCases.TC_Hotel_End_to_End@1d470d0]" started-at="2026-03-11T13:07:41 IST" name="login" finished-at="2026-03-11T13:07:48 IST" duration-ms="6974" status="PASS">
          <reporter-output>
          </reporter-output>
        </test-method> <!-- login -->
        <test-method signature="Hotel_Search()[pri:0, instance:Hotel_TestCases.TC_Hotel_End_to_End@1d470d0]" started-at="2026-03-11T13:07:48 IST" name="Hotel_Search" finished-at="2026-03-11T13:08:06 IST" depends-on-methods="Hotel_TestCases.TC_Hotel_End_to_End.login" duration-ms="18080" status="PASS">
          <reporter-output>
          </reporter-output>
        </test-method> <!-- Hotel_Search -->
        <test-method signature="verifyseeavialblty()[pri:0, instance:Hotel_TestCases.TC_Hotel_End_to_End@1d470d0]" started-at="2026-03-11T13:08:06 IST" name="verifyseeavialblty" finished-at="2026-03-11T13:08:07 IST" depends-on-methods="Hotel_TestCases.TC_Hotel_End_to_End.Hotel_Search" duration-ms="1111" status="PASS">
          <reporter-output>
          </reporter-output>
        </test-method> <!-- verifyseeavialblty -->
        <test-method signature="SelectedHotelname_verfiy()[pri:0, instance:Hotel_TestCases.TC_Hotel_End_to_End@1d470d0]" started-at="2026-03-11T13:08:07 IST" name="SelectedHotelname_verfiy" finished-at="2026-03-11T13:08:10 IST" depends-on-methods="Hotel_TestCases.TC_Hotel_End_to_End.verifyseeavialblty" duration-ms="3074" status="PASS">
          <reporter-output>
          </reporter-output>
        </test-method> <!-- SelectedHotelname_verfiy -->
        <test-method signature="viewonMap_verfiy()[pri:0, instance:Hotel_TestCases.TC_Hotel_End_to_End@1d470d0]" started-at="2026-03-11T13:08:10 IST" name="viewonMap_verfiy" finished-at="2026-03-11T13:08:15 IST" depends-on-methods="Hotel_TestCases.TC_Hotel_End_to_End.SelectedHotelname_verfiy" duration-ms="4579" status="PASS">
          <reporter-output>
          </reporter-output>
        </test-method> <!-- viewonMap_verfiy -->
        <test-method signature="aboutRoom_verfiy()[pri:0, instance:Hotel_TestCases.TC_Hotel_End_to_End@1d470d0]" started-at="2026-03-11T13:08:15 IST" name="aboutRoom_verfiy" finished-at="2026-03-11T13:08:18 IST" depends-on-methods="Hotel_TestCases.TC_Hotel_End_to_End.viewonMap_verfiy" duration-ms="3197" status="PASS">
          <reporter-output>
          </reporter-output>
        </test-method> <!-- aboutRoom_verfiy -->
        <test-method signature="amenties_verfiy()[pri:0, instance:Hotel_TestCases.TC_Hotel_End_to_End@1d470d0]" started-at="2026-03-11T13:08:18 IST" name="amenties_verfiy" finished-at="2026-03-11T13:08:18 IST" depends-on-methods="Hotel_TestCases.TC_Hotel_End_to_End.aboutRoom_verfiy" duration-ms="179" status="PASS">
          <reporter-output>
          </reporter-output>
        </test-method> <!-- amenties_verfiy -->
        <test-method signature="location_verfiy()[pri:0, instance:Hotel_TestCases.TC_Hotel_End_to_End@1d470d0]" started-at="2026-03-11T13:08:18 IST" name="location_verfiy" finished-at="2026-03-11T13:08:19 IST" depends-on-methods="Hotel_TestCases.TC_Hotel_End_to_End.amenties_verfiy" duration-ms="628" status="PASS">
          <reporter-output>
          </reporter-output>
        </test-method> <!-- location_verfiy -->
        <test-method signature="attraction_verify()[pri:0, instance:Hotel_TestCases.TC_Hotel_End_to_End@1d470d0]" started-at="2026-03-11T13:08:19 IST" name="attraction_verify" finished-at="2026-03-11T13:08:19 IST" depends-on-methods="Hotel_TestCases.TC_Hotel_End_to_End.location_verfiy" duration-ms="184" status="PASS">
          <reporter-output>
          </reporter-output>
        </test-method> <!-- attraction_verify -->
        <test-method signature="reviews_verify()[pri:0, instance:Hotel_TestCases.TC_Hotel_End_to_End@1d470d0]" started-at="2026-03-11T13:08:19 IST" name="reviews_verify" finished-at="2026-03-11T13:08:19 IST" depends-on-methods="Hotel_TestCases.TC_Hotel_End_to_End.attraction_verify" duration-ms="160" status="PASS">
          <reporter-output>
          </reporter-output>
        </test-method> <!-- reviews_verify -->
        <test-method signature="Select_roomverify1()[pri:0, instance:Hotel_TestCases.TC_Hotel_End_to_End@1d470d0]" started-at="2026-03-11T13:08:19 IST" name="Select_roomverify1" finished-at="2026-03-11T13:08:22 IST" depends-on-methods="Hotel_TestCases.TC_Hotel_End_to_End.reviews_verify" duration-ms="2619" status="PASS">
          <reporter-output>
          </reporter-output>
        </test-method> <!-- Select_roomverify1 -->
        <test-method signature="Select_roomverify2()[pri:0, instance:Hotel_TestCases.TC_Hotel_End_to_End@1d470d0]" started-at="2026-03-11T13:08:22 IST" name="Select_roomverify2" finished-at="2026-03-11T13:08:22 IST" depends-on-methods="Hotel_TestCases.TC_Hotel_End_to_End.Select_roomverify1" duration-ms="104" status="PASS">
          <reporter-output>
          </reporter-output>
        </test-method> <!-- Select_roomverify2 -->
        <test-method signature="verify_policy()[pri:0, instance:Hotel_TestCases.TC_Hotel_End_to_End@1d470d0]" started-at="2026-03-11T13:08:22 IST" name="verify_policy" finished-at="2026-03-11T13:08:22 IST" depends-on-methods="Hotel_TestCases.TC_Hotel_End_to_End.Select_roomverify2" duration-ms="243" status="PASS">
          <reporter-output>
          </reporter-output>
        </test-method> <!-- verify_policy -->
        <test-method signature="verify_iterny()[pri:0, instance:Hotel_TestCases.TC_Hotel_End_to_End@1d470d0]" started-at="2026-03-11T13:08:22 IST" name="verify_iterny" finished-at="2026-03-11T13:08:22 IST" depends-on-methods="Hotel_TestCases.TC_Hotel_End_to_End.verify_policy" duration-ms="209" status="PASS">
          <reporter-output>
          </reporter-output>
        </test-method> <!-- verify_iterny -->
        <test-method signature="verifyStartDate()[pri:0, instance:Hotel_TestCases.TC_Hotel_End_to_End@1d470d0]" started-at="2026-03-11T13:08:22 IST" name="verifyStartDate" finished-at="2026-03-11T13:08:23 IST" depends-on-methods="Hotel_TestCases.TC_Hotel_End_to_End.verify_iterny" duration-ms="82" status="PASS">
          <reporter-output>
          </reporter-output>
        </test-method> <!-- verifyStartDate -->
        <test-method signature="verifyEndDate()[pri:0, instance:Hotel_TestCases.TC_Hotel_End_to_End@1d470d0]" started-at="2026-03-11T13:08:23 IST" name="verifyEndDate" finished-at="2026-03-11T13:08:23 IST" depends-on-methods="Hotel_TestCases.TC_Hotel_End_to_End.verifyStartDate" duration-ms="80" status="PASS">
          <reporter-output>
          </reporter-output>
        </test-method> <!-- verifyEndDate -->
        <test-method signature="verifyRoomDetails()[pri:0, instance:Hotel_TestCases.TC_Hotel_End_to_End@1d470d0]" started-at="2026-03-11T13:08:23 IST" name="verifyRoomDetails" finished-at="2026-03-11T13:08:23 IST" depends-on-methods="Hotel_TestCases.TC_Hotel_End_to_End.verifyEndDate" duration-ms="48" status="PASS">
          <reporter-output>
          </reporter-output>
        </test-method> <!-- verifyRoomDetails -->
        <test-method signature="verifyrefundinfo()[pri:0, instance:Hotel_TestCases.TC_Hotel_End_to_End@1d470d0]" started-at="2026-03-11T13:08:23 IST" name="verifyrefundinfo" finished-at="2026-03-11T13:08:23 IST" depends-on-methods="Hotel_TestCases.TC_Hotel_End_to_End.verifyRoomDetails" duration-ms="45" status="PASS">
          <reporter-output>
          </reporter-output>
        </test-method> <!-- verifyrefundinfo -->
        <test-method signature="fillthedeatils()[pri:0, instance:Hotel_TestCases.TC_Hotel_End_to_End@1d470d0]" started-at="2026-03-11T13:08:23 IST" name="fillthedeatils" finished-at="2026-03-11T13:08:24 IST" depends-on-methods="Hotel_TestCases.TC_Hotel_End_to_End.verifyrefundinfo" duration-ms="1266" status="PASS">
          <reporter-output>
          </reporter-output>
        </test-method> <!-- fillthedeatils -->
        <test-method signature="verifyBaseprice()[pri:0, instance:Hotel_TestCases.TC_Hotel_End_to_End@1d470d0]" started-at="2026-03-11T13:08:24 IST" name="verifyBaseprice" finished-at="2026-03-11T13:08:24 IST" depends-on-methods="Hotel_TestCases.TC_Hotel_End_to_End.fillthedeatils" duration-ms="49" status="PASS">
          <reporter-output>
          </reporter-output>
        </test-method> <!-- verifyBaseprice -->
        <test-method signature="verifygstcalculation()[pri:0, instance:Hotel_TestCases.TC_Hotel_End_to_End@1d470d0]" started-at="2026-03-11T13:08:24 IST" name="verifygstcalculation" finished-at="2026-03-11T13:08:24 IST" depends-on-methods="Hotel_TestCases.TC_Hotel_End_to_End.verifyBaseprice" duration-ms="92" status="PASS">
          <reporter-output>
          </reporter-output>
        </test-method> <!-- verifygstcalculation -->
        <test-method signature="verifytotalprice()[pri:0, instance:Hotel_TestCases.TC_Hotel_End_to_End@1d470d0]" started-at="2026-03-11T13:08:24 IST" name="verifytotalprice" finished-at="2026-03-11T13:08:24 IST" depends-on-methods="Hotel_TestCases.TC_Hotel_End_to_End.verifygstcalculation" duration-ms="109" status="PASS">
          <reporter-output>
          </reporter-output>
        </test-method> <!-- verifytotalprice -->
        <test-method signature="verifyoffer()[pri:0, instance:Hotel_TestCases.TC_Hotel_End_to_End@1d470d0]" started-at="2026-03-11T13:08:24 IST" name="verifyoffer" finished-at="2026-03-11T13:08:27 IST" depends-on-methods="Hotel_TestCases.TC_Hotel_End_to_End.verifytotalprice" duration-ms="2374" status="PASS">
          <reporter-output>
          </reporter-output>
        </test-method> <!-- verifyoffer -->
        <test-method signature="verifyclearoffer()[pri:0, instance:Hotel_TestCases.TC_Hotel_End_to_End@1d470d0]" started-at="2026-03-11T13:08:27 IST" name="verifyclearoffer" finished-at="2026-03-11T13:08:29 IST" depends-on-methods="Hotel_TestCases.TC_Hotel_End_to_End.verifyoffer" duration-ms="2160" status="PASS">
          <reporter-output>
          </reporter-output>
        </test-method> <!-- verifyclearoffer -->
        <test-method signature="verifypolicycheckbox()[pri:0, instance:Hotel_TestCases.TC_Hotel_End_to_End@1d470d0]" started-at="2026-03-11T13:08:29 IST" name="verifypolicycheckbox" finished-at="2026-03-11T13:08:29 IST" depends-on-methods="Hotel_TestCases.TC_Hotel_End_to_End.verifyclearoffer" duration-ms="61" status="PASS">
          <reporter-output>
          </reporter-output>
        </test-method> <!-- verifypolicycheckbox -->
        <test-method signature="Book()[pri:0, instance:Hotel_TestCases.TC_Hotel_End_to_End@1d470d0]" started-at="2026-03-11T13:08:29 IST" name="Book" finished-at="2026-03-11T13:09:01 IST" depends-on-methods="Hotel_TestCases.TC_Hotel_End_to_End.verifypolicycheckbox" duration-ms="32094" status="PASS">
          <reporter-output>
          </reporter-output>
        </test-method> <!-- Book -->
        <test-method is-config="true" signature="teardown()[pri:0, instance:Hotel_TestCases.TC_Hotel_End_to_End@1d470d0]" started-at="2026-03-11T13:09:01 IST" name="teardown" finished-at="2026-03-11T13:09:01 IST" duration-ms="0" status="PASS">
          <reporter-output>
          </reporter-output>
        </test-method> <!-- teardown -->
      </class> <!-- Hotel_TestCases.TC_Hotel_End_to_End -->
    </test> <!-- Default test -->
  </suite> <!-- Default suite -->
</testng-results>
