<?xml version="1.0" encoding="UTF-8"?>
<!-- Generated by org.testng.reporters.JUnitReportReporter -->
<testsuite hostname="DELL" failures="0" tests="7" name="Bus_Testcases.TC_Bus_Filters" time="36.131" errors="0" timestamp="2025-10-14T11:15:57 IST" skipped="0">
  <testcase classname="Bus_Testcases.TC_Bus_Filters" name="Timing_filter_1" time="8.150"/>
  <testcase classname="Bus_Testcases.TC_Bus_Filters" name="Bus_type1" time="3.761"/>
  <testcase classname="Bus_Testcases.TC_Bus_Filters" name="Bus_type2" time="3.267"/>
  <testcase classname="Bus_Testcases.TC_Bus_Filters" name="Bus_type3" time="6.605"/>
  <testcase classname="Bus_Testcases.TC_Bus_Filters" name="Boardingpoint" time="5.930"/>
  <testcase classname="Bus_Testcases.TC_Bus_Filters" name="Droppingpoint" time="0.476"/>
  <testcase classname="Bus_Testcases.TC_Bus_Filters" name="combinationFilters" time="7.942"/>
</testsuite> <!-- Bus_Testcases.TC_Bus_Filters -->
