<?xml version="1.0" encoding="UTF-8"?>
<!-- Generated by org.testng.reporters.JUnitReportReporter -->
<testsuite hostname="DELL" failures="0" tests="4" name="Login_Testcases.Login_NumberNegativeTC" time="30.249" errors="0" timestamp="2025-09-11T17:27:45 IST" skipped="0">
  <testcase classname="Login_Testcases.Login_NumberNegativeTC" name="negativeScenarios_withInvalidNumbers" time="9.892"/>
  <testcase classname="Login_Testcases.Login_NumberNegativeTC" name="negativeScenarios_withInvalidNumbers" time="5.817"/>
  <testcase classname="Login_Testcases.Login_NumberNegativeTC" name="negativeScenarios_withInvalidNumbers" time="5.139"/>
  <testcase classname="Login_Testcases.Login_NumberNegativeTC" name="negativeScenarios_withInvalidNumbers" time="9.401"/>
</testsuite> <!-- Login_Testcases.Login_NumberNegativeTC -->
