<?xml version="1.0" encoding="UTF-8"?>
<!-- Generated by org.testng.reporters.JUnitReportReporter -->
<testsuite hostname="DELL" failures="0" tests="2" name="Login_Testcases.Login_NegativeTC" time="8.062" errors="0" timestamp="2025-09-08T12:18:21 IST" skipped="0">
  <testcase classname="Login_Testcases.Login_NegativeTC" name="negativeScenarios_withInvalidNumbers" time="4.283"/>
  <testcase classname="Login_Testcases.Login_NegativeTC" name="negativeScenarios_withInvalidNumbers" time="3.779"/>
</testsuite> <!-- Login_Testcases.Login_NegativeTC -->
