<?xml version="1.0" encoding="UTF-8"?>
<!-- Generated by org.testng.reporters.JUnitReportReporter -->
<testsuite hostname="DELL" failures="0" tests="4" name="Login_Testcases.Login_OTPNegativeTC" time="52.655" errors="0" timestamp="2025-09-11T17:27:45 IST" skipped="0">
  <testcase classname="Login_Testcases.Login_OTPNegativeTC" name="verifyInvalidOtpScenarios" time="13.087"/>
  <testcase classname="Login_Testcases.Login_OTPNegativeTC" name="verifyInvalidOtpScenarios" time="17.848"/>
  <testcase classname="Login_Testcases.Login_OTPNegativeTC" name="verifyInvalidOtpScenarios" time="7.218"/>
  <testcase classname="Login_Testcases.Login_OTPNegativeTC" name="verifyInvalidOtpScenarios" time="14.502"/>
</testsuite> <!-- Login_Testcases.Login_OTPNegativeTC -->
