<?xml version="1.0" encoding="UTF-8"?>
<!-- Generated by org.testng.reporters.JUnitReportReporter -->
<testsuite hostname="DELL" failures="0" tests="3" name="Bus_Testcases.TC_SearchValidations" time="19.977" errors="0" timestamp="2025-09-19T10:56:22 IST" skipped="0">
  <testcase classname="Bus_Testcases.TC_SearchValidations" name="validation" time="0.750"/>
  <testcase classname="Bus_Testcases.TC_SearchValidations" name="validation" time="16.629"/>
  <testcase classname="Bus_Testcases.TC_SearchValidations" name="validation" time="2.598"/>
</testsuite> <!-- Bus_Testcases.TC_SearchValidations -->
