<?xml version="1.0" encoding="UTF-8"?>
<!-- Generated by org.testng.reporters.JUnitReportReporter -->
<testsuite hostname="DELL" failures="0" tests="14" name="Bus_Testcases.TC_Bus_Filters" time="59.427" errors="0" timestamp="2025-10-13T13:39:06 IST" skipped="0">
  <testcase classname="Bus_Testcases.TC_Bus_Filters" name="Timing_filter_1" time="8.758"/>
  <testcase classname="Bus_Testcases.TC_Bus_Filters" name="Timing_filter_1" time="9.931"/>
  <testcase classname="Bus_Testcases.TC_Bus_Filters" name="Bus_type1" time="2.577"/>
  <testcase classname="Bus_Testcases.TC_Bus_Filters" name="Bus_type1" time="2.729"/>
  <testcase classname="Bus_Testcases.TC_Bus_Filters" name="Bus_type2" time="4.555"/>
  <testcase classname="Bus_Testcases.TC_Bus_Filters" name="Bus_type2" time="2.662"/>
  <testcase classname="Bus_Testcases.TC_Bus_Filters" name="Bus_type3" time="3.702"/>
  <testcase classname="Bus_Testcases.TC_Bus_Filters" name="Bus_type3" time="2.774"/>
  <testcase classname="Bus_Testcases.TC_Bus_Filters" name="Boardingpoint" time="5.158"/>
  <testcase classname="Bus_Testcases.TC_Bus_Filters" name="Boardingpoint" time="2.770"/>
  <testcase classname="Bus_Testcases.TC_Bus_Filters" name="Droppingpoint" time="0.549"/>
  <testcase classname="Bus_Testcases.TC_Bus_Filters" name="Droppingpoint" time="0.403"/>
  <testcase classname="Bus_Testcases.TC_Bus_Filters" name="combinationFilters" time="5.897"/>
  <testcase classname="Bus_Testcases.TC_Bus_Filters" name="combinationFilters" time="6.962"/>
</testsuite> <!-- Bus_Testcases.TC_Bus_Filters -->
