<?xml version="1.0" encoding="UTF-8"?>
<!-- Generated by org.testng.reporters.JUnitXMLReporter -->
<testsuite ignored="0" hostname="DELL" failures="0" tests="5" name="ChromeTest" time="43.32" errors="0" timestamp="2025-09-11T17:27:13 IST">
  <testcase classname="Login_Testcases.TC_Login" name="login" time="5.255"/>
  <testcase classname="Login_Testcases.Login_OTPNegativeTC" name="verifyInvalidOtpScenarios" time="2.872"/>
  <testcase classname="Login_Testcases.Login_OTPNegativeTC" name="verifyInvalidOtpScenarios" time="7.739"/>
  <testcase classname="Login_Testcases.Login_NumberNegativeTC" name="negativeScenarios_withInvalidNumbers" time="0.57"/>
  <testcase classname="Login_Testcases.Login_NumberNegativeTC" name="negativeScenarios_withInvalidNumbers" time="0.686"/>
</testsuite> <!-- ChromeTest -->
