<?xml version="1.0" encoding="UTF-8"?>
<!-- Generated by org.testng.reporters.JUnitXMLReporter -->
<testsuite ignored="0" hostname="DELL" failures="0" tests="5" name="FirefoxTest" time="74.977" errors="0" timestamp="2025-09-11T17:27:45 IST">
  <testcase classname="Login_Testcases.TC_Login" name="login" time="4.789"/>
  <testcase classname="Login_Testcases.Login_OTPNegativeTC" name="verifyInvalidOtpScenarios" time="2.041"/>
  <testcase classname="Login_Testcases.Login_OTPNegativeTC" name="verifyInvalidOtpScenarios" time="2.541"/>
  <testcase classname="Login_Testcases.Login_NumberNegativeTC" name="negativeScenarios_withInvalidNumbers" time="0.397"/>
  <testcase classname="Login_Testcases.Login_NumberNegativeTC" name="negativeScenarios_withInvalidNumbers" time="0.577"/>
</testsuite> <!-- FirefoxTest -->
